d:\проекты\dllniketys\dllniketys\dl\debug\vc143.pdb
d:\проекты\dllniketys\dllniketys\dl\debug\vc143.idb
d:\проекты\dllniketys\dllniketys\dl\debug\dll.obj
d:\проекты\dllniketys\debug\dl.lib
d:\проекты\dllniketys\debug\dl.exp
d:\проекты\dllniketys\debug\dl.dll
d:\проекты\dllniketys\dllniketys\dl\debug\dl.ilk
d:\проекты\dllniketys\debug\dl.pdb
c:\users\stron\onedrive\рабочий стол\dllniketys\dllniketys\dl\debug\dll.obj
c:\users\stron\onedrive\рабочий стол\dllniketys\dllniketys\dl\debug\dl.ilk
c:\users\stron\onedrive\рабочий стол\dllniketys\dllniketys\dl\debug\vc143.idb
c:\users\stron\onedrive\рабочий стол\dllniketys\dllniketys\dl\debug\vc143.pdb
c:\users\stron\onedrive\рабочий стол\dllniketys\debug\dl.pdb
c:\users\stron\onedrive\рабочий стол\dllniketys\debug\dl.dll
c:\users\stron\onedrive\рабочий стол\dllniketys\dllniketys\dl\debug\dl.tlog\cl.command.1.tlog
c:\users\stron\onedrive\рабочий стол\dllniketys\dllniketys\dl\debug\dl.tlog\cl.read.1.tlog
c:\users\stron\onedrive\рабочий стол\dllniketys\dllniketys\dl\debug\dl.tlog\cl.write.1.tlog
c:\users\stron\onedrive\рабочий стол\dllniketys\dllniketys\dl\debug\dl.tlog\dl.write.1u.tlog
c:\users\stron\onedrive\рабочий стол\dllniketys\dllniketys\dl\debug\dl.tlog\link.command.1.tlog
c:\users\stron\onedrive\рабочий стол\dllniketys\dllniketys\dl\debug\dl.tlog\link.read.1.tlog
c:\users\stron\onedrive\рабочий стол\dllniketys\dllniketys\dl\debug\dl.tlog\link.write.1.tlog
